Base path: 'C:/Program Files/Unity/Hub/Editor/2019.3.1f1/Editor/Data', plugins path 'C:/Program Files/Unity/Hub/Editor/2019.3.1f1/Editor/Data/PlaybackEngines'
Cmd: initializeCompiler
Cmd: compileComputeKernel
  api=4 insize=7960 outsize=1574 ok=1
Cmd: compileComputeKernel
  api=4 insize=9919 outsize=1883 ok=1
Cmd: compileComputeKernel
  api=4 insize=7335 outsize=2128 ok=1
Cmd: compileComputeKernel
  api=4 insize=44336 outsize=1574 ok=1
Cmd: compileComputeKernel
  api=4 insize=44336 outsize=1378 ok=1
Cmd: compileComputeKernel
  api=4 insize=44336 outsize=1359 ok=1
Cmd: compileComputeKernel
  api=4 insize=44336 outsize=2057 ok=1
Cmd: compileComputeKernel
  api=4 insize=44336 outsize=1706 ok=1
Cmd: compileComputeKernel
  api=4 insize=29386 outsize=695 ok=1
Cmd: compileComputeKernel
  api=4 insize=29386 outsize=855 ok=1
Cmd: compileComputeKernel
  api=4 insize=29386 outsize=701 ok=1
Cmd: compileComputeKernel
  api=4 insize=29386 outsize=1293 ok=1
Cmd: compileComputeKernel
  api=4 insize=29386 outsize=1301 ok=1
Cmd: compileComputeKernel
  api=4 insize=29386 outsize=1613 ok=1

Quitting shader compiler process
